<?xml version="1.0" encoding="UTF-8"?>
<!-- Generated by org.testng.reporters.JUnitXMLReporter -->
<testsuite ignored="0" hostname="DESKTOP-45OBOM7" failures="0" tests="4" name="Test" time="9.343" errors="0" timestamp="2024-03-20T17:26:51 IST">
  <testcase classname="api.testcases.UserTest" name="testCreateUser" time="3.202"/>
  <testcase classname="api.testcases.UserTest" name="testGeteUser" time="1.089"/>
  <testcase classname="api.testcases.UserTest" name="testUpdateUser" time="2.165"/>
  <testcase classname="api.testcases.UserTest" name="testDeleteUser" time="1.058"/>
</testsuite> <!-- Test -->
