<?xml version="1.0" encoding="UTF-8"?>
<!-- Generated by org.testng.reporters.JUnitXMLReporter -->
<testsuite ignored="0" hostname="DESKTOP-45OBOM7" failures="0" tests="4" name="Test" time="7.84" errors="0" timestamp="2024-03-20T19:41:09 IST">
  <testcase classname="api.testcases.UserTest" name="testCreateUser" time="2.609"/>
  <testcase classname="api.testcases.UserTest" name="testGeteUser" time="1.1"/>
  <testcase classname="api.testcases.UserTest" name="testUpdateUser" time="2.16"/>
  <testcase classname="api.testcases.UserTest" name="testDeleteUser" time="1.076"/>
</testsuite> <!-- Test -->
