<?xml version="1.0" encoding="UTF-8"?>
<testng-results ignored="0" total="4" passed="4" failed="0" skipped="0">
  <reporter-output>
  </reporter-output>
  <suite started-at="2024-03-20T19:41:01 IST" name="Suite" finished-at="2024-03-20T19:41:08 IST" duration-ms="7840">
    <groups>
    </groups>
    <test started-at="2024-03-20T19:41:01 IST" name="Test" finished-at="2024-03-20T19:41:08 IST" duration-ms="7840">
      <class name="api.testcases.UserTest">
        <test-method is-config="true" signature="genrateTestData()[pri:0, instance:api.testcases.UserTest@243c4f91]" started-at="2024-03-20T19:41:01 IST" name="genrateTestData" finished-at="2024-03-20T19:41:01 IST" duration-ms="687" status="PASS">
          <reporter-output>
          </reporter-output>
        </test-method> <!-- genrateTestData -->
        <test-method signature="testCreateUser()[pri:1, instance:api.testcases.UserTest@243c4f91]" started-at="2024-03-20T19:41:01 IST" name="testCreateUser" finished-at="2024-03-20T19:41:04 IST" duration-ms="2609" status="PASS">
          <reporter-output>
          </reporter-output>
        </test-method> <!-- testCreateUser -->
        <test-method signature="testGeteUser()[pri:2, instance:api.testcases.UserTest@243c4f91]" started-at="2024-03-20T19:41:04 IST" name="testGeteUser" finished-at="2024-03-20T19:41:05 IST" duration-ms="1100" status="PASS">
          <reporter-output>
          </reporter-output>
        </test-method> <!-- testGeteUser -->
        <test-method signature="testUpdateUser()[pri:3, instance:api.testcases.UserTest@243c4f91]" started-at="2024-03-20T19:41:05 IST" name="testUpdateUser" finished-at="2024-03-20T19:41:07 IST" duration-ms="2160" status="PASS">
          <reporter-output>
          </reporter-output>
        </test-method> <!-- testUpdateUser -->
        <test-method signature="testDeleteUser()[pri:4, instance:api.testcases.UserTest@243c4f91]" started-at="2024-03-20T19:41:07 IST" name="testDeleteUser" finished-at="2024-03-20T19:41:08 IST" duration-ms="1076" status="PASS">
          <reporter-output>
          </reporter-output>
        </test-method> <!-- testDeleteUser -->
      </class> <!-- api.testcases.UserTest -->
    </test> <!-- Test -->
  </suite> <!-- Suite -->
</testng-results>
